#! /usr/bin/vvp
:ivl_version "12.0 (stable)" "(v12_0-dirty)";
:ivl_delay_selection "TYPICAL";
:vpi_time_precision + 0;
:vpi_module "/usr/lib/ivl/system.vpi";
:vpi_module "/usr/lib/ivl/vhdl_sys.vpi";
:vpi_module "/usr/lib/ivl/vhdl_textio.vpi";
:vpi_module "/usr/lib/ivl/v2005_math.vpi";
:vpi_module "/usr/lib/ivl/va_math.vpi";
:vpi_module "/usr/lib/ivl/v2009.vpi";
S_0x564f13a84d70 .scope package, "$unit" "$unit" 2 1;
 .timescale 0 0;
S_0x564f13a84f00 .scope module, "randn_gen" "randn_gen" 3 1;
 .timescale 0 0;
    .port_info 0 /INPUT 1 "clk";
    .port_info 1 /INPUT 1 "reset";
    .port_info 2 /INPUT 8 "options";
    .port_info 3 /OUTPUT 4 "number";
P_0x564f13aa9e60 .param/l "OPTIONS" 0 3 1, +C4<00000000000000000000000000000010>;
P_0x564f13aa9ea0 .param/l "WIDTH" 0 3 1, +C4<00000000000000000000000000000100>;
L_0x564f13ad0310 .functor BUFZ 4, L_0x564f13ad0080, C4<0000>, C4<0000>, C4<0000>;
v0x564f13aac660_0 .net *"_ivl_0", 3 0, L_0x564f13ad0080;  1 drivers
v0x564f13acf980_0 .net *"_ivl_2", 2 0, L_0x564f13ad01a0;  1 drivers
L_0x7ff4a1dd0018 .functor BUFT 1, C4<0>, C4<0>, C4<0>, C4<0>;
v0x564f13acfa60_0 .net *"_ivl_5", 0 0, L_0x7ff4a1dd0018;  1 drivers
o0x7ff4a225f0a8 .functor BUFZ 1, C4<z>; HiZ drive
v0x564f13acfb50_0 .net "clk", 0 0, o0x7ff4a225f0a8;  0 drivers
v0x564f13acfc10_0 .net "number", 3 0, L_0x564f13ad0310;  1 drivers
o0x7ff4a225f108 .functor BUFZ 4, C4<zzzz>; HiZ drive
v0x564f13acfd40 .array "options", 0 1;
v0x564f13acfd40_0 .net v0x564f13acfd40 0, 3 0, o0x7ff4a225f108; 0 drivers
o0x7ff4a225f138 .functor BUFZ 4, C4<zzzz>; HiZ drive
v0x564f13acfd40_1 .net v0x564f13acfd40 1, 3 0, o0x7ff4a225f138; 0 drivers
o0x7ff4a225f168 .functor BUFZ 1, C4<z>; HiZ drive
v0x564f13acfe60_0 .net "reset", 0 0, o0x7ff4a225f168;  0 drivers
v0x564f13acff20_0 .var "sel", 1 0;
E_0x564f13abe220 .event posedge, v0x564f13acfb50_0;
L_0x564f13ad0080 .array/port v0x564f13acfd40, L_0x564f13ad01a0;
L_0x564f13ad01a0 .concat [ 2 1 0 0], v0x564f13acff20_0, L_0x7ff4a1dd0018;
    .scope S_0x564f13a84f00;
T_0 ;
    %pushi/vec4 0, 0, 2;
    %store/vec4 v0x564f13acff20_0, 0, 2;
    %end;
    .thread T_0, $init;
    .scope S_0x564f13a84f00;
T_1 ;
    %wait E_0x564f13abe220;
    %load/vec4 v0x564f13acff20_0;
    %pad/u 32;
    %cmpi/e 1, 0, 32;
    %jmp/1 T_1.2, 4;
    %flag_mov 8, 4;
    %load/vec4 v0x564f13acfe60_0;
    %flag_set/vec4 9;
    %flag_or 9, 8;
    %flag_mov 4, 9;
T_1.2;
    %jmp/0xz  T_1.0, 4;
    %pushi/vec4 0, 0, 2;
    %assign/vec4 v0x564f13acff20_0, 0;
    %jmp T_1.1;
T_1.0 ;
    %load/vec4 v0x564f13acff20_0;
    %addi 1, 0, 2;
    %assign/vec4 v0x564f13acff20_0, 0;
T_1.1 ;
    %jmp T_1;
    .thread T_1;
# The file index is used to find the file name in the following table.
:file_names 4;
    "N/A";
    "<interactive>";
    "-";
    "randn_gen.sv";
